d:\카카오톡 받은 파일\dynamic future slug-0.0.3\rgengine_2016\debug\vc140.pdb
d:\카카오톡 받은 파일\dynamic future slug-0.0.3\rgengine_2016\debug\vc140.idb
d:\카카오톡 받은 파일\dynamic future slug-0.0.3\rgengine_2016\debug\rgcomponentanimationrenderer.obj
d:\카카오톡 받은 파일\dynamic future slug-0.0.3\rgengine_2016\debug\rgcomponentaudiolistener.obj
d:\카카오톡 받은 파일\dynamic future slug-0.0.3\rgengine_2016\debug\rgcomponentaudiosource.obj
d:\카카오톡 받은 파일\dynamic future slug-0.0.3\rgengine_2016\debug\rgcomponentboxcollider.obj
d:\카카오톡 받은 파일\dynamic future slug-0.0.3\rgengine_2016\debug\rgcomponentcirclecollider.obj
d:\카카오톡 받은 파일\dynamic future slug-0.0.3\rgengine_2016\debug\rgcomponentcollider.obj
d:\카카오톡 받은 파일\dynamic future slug-0.0.3\rgengine_2016\debug\rgcomponentspriterenderer.obj
d:\카카오톡 받은 파일\dynamic future slug-0.0.3\rgengine_2016\debug\rgcomponenttextrenderer.obj
d:\카카오톡 받은 파일\dynamic future slug-0.0.3\rgengine_2016\debug\rgdatastreamfile.obj
d:\카카오톡 받은 파일\dynamic future slug-0.0.3\rgengine_2016\debug\rgdatastreamjson.obj
d:\카카오톡 받은 파일\dynamic future slug-0.0.3\rgengine_2016\debug\rgdatastreamxml.obj
d:\카카오톡 받은 파일\dynamic future slug-0.0.3\rgengine_2016\debug\rggameobject.obj
d:\카카오톡 받은 파일\dynamic future slug-0.0.3\rgengine_2016\debug\rggraphic.obj
d:\카카오톡 받은 파일\dynamic future slug-0.0.3\rgengine_2016\debug\rginput.obj
d:\카카오톡 받은 파일\dynamic future slug-0.0.3\rgengine_2016\debug\rgscene.obj
d:\카카오톡 받은 파일\dynamic future slug-0.0.3\rgengine_2016\debug\rgtime.obj
d:\카카오톡 받은 파일\dynamic future slug-0.0.3\rgengine_2016\debug\sound.obj
d:\카카오톡 받은 파일\dynamic future slug-0.0.3\rgengine_2016\debug\sprite.obj
d:\카카오톡 받은 파일\dynamic future slug-0.0.3\rgengine_2016\debug\testscene.obj
d:\카카오톡 받은 파일\dynamic future slug-0.0.3\rgengine_2016\debug\text.obj
d:\카카오톡 받은 파일\dynamic future slug-0.0.3\rgengine_2016\debug\boss1.obj
d:\카카오톡 받은 파일\dynamic future slug-0.0.3\rgengine_2016\debug\bullet.obj
d:\카카오톡 받은 파일\dynamic future slug-0.0.3\rgengine_2016\debug\bulletmanager.obj
d:\카카오톡 받은 파일\dynamic future slug-0.0.3\rgengine_2016\debug\constrainedhomingbullet.obj
d:\카카오톡 받은 파일\dynamic future slug-0.0.3\rgengine_2016\debug\enemy.obj
d:\카카오톡 받은 파일\dynamic future slug-0.0.3\rgengine_2016\debug\gamemanager.obj
d:\카카오톡 받은 파일\dynamic future slug-0.0.3\rgengine_2016\debug\mine.obj
d:\카카오톡 받은 파일\dynamic future slug-0.0.3\rgengine_2016\debug\mineexplode.obj
d:\카카오톡 받은 파일\dynamic future slug-0.0.3\rgengine_2016\debug\mover.obj
d:\카카오톡 받은 파일\dynamic future slug-0.0.3\rgengine_2016\debug\programentry.obj
d:\카카오톡 받은 파일\dynamic future slug-0.0.3\rgengine_2016\debug\rgapplication.obj
d:\카카오톡 받은 파일\dynamic future slug-0.0.3\rgengine_2016\debug\rgassetmanager.obj
d:\카카오톡 받은 파일\dynamic future slug-0.0.3\rgengine_2016\debug\rgassetsound.obj
d:\카카오톡 받은 파일\dynamic future slug-0.0.3\rgengine_2016\debug\rgassetsoundmanager.obj
d:\카카오톡 받은 파일\dynamic future slug-0.0.3\rgengine_2016\debug\rgassettexture.obj
d:\카카오톡 받은 파일\dynamic future slug-0.0.3\rgengine_2016\debug\rgassettexturemanager.obj
d:\카카오톡 받은 파일\dynamic future slug-0.0.3\rgengine_2016\debug\rgcomponent.obj
d:\카카오톡 받은 파일\dynamic future slug-0.0.3\rgengine_2016\debug\player.obj
d:\카카오톡 받은 파일\dynamic future slug-0.0.3\rgengine_2016\debug\grenade.obj
d:\카카오톡 받은 파일\dynamic future slug-0.0.3\debug\dynamic future slug.ilk
d:\카카오톡 받은 파일\dynamic future slug-0.0.3\debug\dynamic future slug.exe
d:\카카오톡 받은 파일\dynamic future slug-0.0.3\debug\dynamic future slug.pdb
d:\카카오톡 받은 파일\dynamic future slug-0.0.3\rgengine_2016\debug\soundmanager.obj
d:\카카오톡 받은 파일\dynamic future slug-0.0.3\rgengine_2016\debug\soundtest.obj
d:\카카오톡 받은 파일\dynamic future slug-0.0.3\rgengine_2016\debug\spritemanager.obj
d:\카카오톡 받은 파일\dynamic future slug-0.0.3\rgengine_2016\debug\spritetest.obj
d:\카카오톡 받은 파일\dynamic future slug-0.0.3\rgengine_2016\debug\test2scene.obj
d:\카카오톡 받은 파일\dynamic future slug-0.0.3\rgengine_2016\debug\textmanager.obj
d:\카카오톡 받은 파일\dynamic future slug-0.0.3\rgengine_2016\debug\texttest.obj
d:\카카오톡 받은 파일\dynamic future slug-0.0.3\rgengine_2016\debug\rgengine_2016.idb
d:\카카오톡 받은 파일\dynamic future slug-0.0.3\rgengine_2016\debug\rgengine_2016.pdb
d:\카카오톡 받은 파일\dynamic future slug-0.0.3\rgengine_2016\debug\dynamic .938fbef6.tlog\cl.command.1.tlog
d:\카카오톡 받은 파일\dynamic future slug-0.0.3\rgengine_2016\debug\dynamic .938fbef6.tlog\cl.read.1.tlog
d:\카카오톡 받은 파일\dynamic future slug-0.0.3\rgengine_2016\debug\dynamic .938fbef6.tlog\cl.write.1.tlog
d:\카카오톡 받은 파일\dynamic future slug-0.0.3\rgengine_2016\debug\dynamic .938fbef6.tlog\link.command.1.tlog
d:\카카오톡 받은 파일\dynamic future slug-0.0.3\rgengine_2016\debug\dynamic .938fbef6.tlog\link.read.1.tlog
d:\카카오톡 받은 파일\dynamic future slug-0.0.3\rgengine_2016\debug\dynamic .938fbef6.tlog\link.write.1.tlog
